<?xml version="1.0" encoding="UTF-8"?>
<coverage generated="1733146684498" clover="3.2.0">
  <project timestamp="1733146684499" name="All files">
    <metrics statements="13" coveredstatements="7" conditionals="0" coveredconditionals="0" methods="2" coveredmethods="1" elements="15" coveredelements="8" complexity="0" loc="13" ncloc="13" packages="1" files="1" classes="1"/>
    <file name="db.js" path="/home/alexandre-corriou/epitech/T-DEV-701-Devops/backend/db.js">
      <metrics statements="13" coveredstatements="7" conditionals="0" coveredconditionals="0" methods="2" coveredmethods="1"/>
      <line num="1" count="1" type="stmt"/>
      <line num="3" count="1" type="stmt"/>
      <line num="4" count="2" type="stmt"/>
      <line num="5" count="2" type="stmt"/>
      <line num="7" count="2" type="stmt"/>
      <line num="13" count="0" type="stmt"/>
      <line num="14" count="0" type="stmt"/>
      <line num="18" count="1" type="stmt"/>
      <line num="19" count="0" type="stmt"/>
      <line num="20" count="0" type="stmt"/>
      <line num="22" count="0" type="stmt"/>
      <line num="23" count="0" type="stmt"/>
      <line num="27" count="1" type="stmt"/>
    </file>
  </project>
</coverage>
